<?xml version="1.0" encoding="UTF-8" ?>
<testsuite tests="2" failures="1" name="TestSuite" time="64.38" errors="0" skipped="0">
  <properties>
[...]
</properties>
  <testcase classname="example.NewTest" name="RedeemTokenAndRegisterNewAccount" time="50.02">
    <failure message="Unable to locate element: Click here (WARNING: The server did not provide any stacktrace information)
Command duration or timeout: 15 milliseconds
For documentation on this error, please visit: http://seleniumhq.org/exceptions/no_such_element.html
Build info: version: &apos;2.53.1&apos;, revision: &apos;a36b8b1&apos;, time: &apos;2016-06-30 17:37:03&apos;
System info: host: &apos;WIN-SB3ER6JQ6ME&apos;, ip: &apos;172.20.32.175&apos;, os.name: &apos;Windows 10&apos;, os.arch: &apos;x86&apos;, os.version: &apos;10.0&apos;, java.version: &apos;1.8.0_91&apos;
Driver info: org.openqa.selenium.firefox.MarionetteDriver
Capabilities [{rotatable=false, raisesAccessibilityExceptions=false, marionette=true, webdriver.remote.quietExceptions=true, appBuildId=20160916101415, version=49.0, platform=XP, proxy={}, command_id=1, specificationLevel=0, acceptSslCerts=false, processId=2968, browserVersion=49.0, platformVersion=10.0, XULappId={XXXXXXXX-XXXX-XXXX-XXXX-XXXXa9e97384}, browserName=firefox, takesScreenshot=true, takesElementScreenshot=true, platformName=windows_nt, device=desktop, firefox_profile=UEsDBBQAAAAIAMyU80qIUd2BCAcAA...}]
Session ID: XXXXXXXX-XXXX-XXXX-XXXX-XXXXb16c05c9
*** Element info: {Using=link text, value=Click here}
Command duration or timeout: 104 milliseconds
For documentation on this error, please visit: http://seleniumhq.org/exceptions/no_such_element.html
Build info: version: &apos;2.53.0&apos;, revision: &apos;35ae25b1534ae328c771e0856c93e187490ca824&apos;, time: &apos;2016-03-15 10:43:46&apos;
System info: host: &apos;QAMacbookPros-MacBook-Pro.local&apos;, ip: &apos;10.146.59.145&apos;, os.name: &apos;Mac OS X&apos;, os.arch: &apos;x86_64&apos;, os.version: &apos;10.11.6&apos;, java.version: &apos;1.8.0_51&apos;
Driver info: org.openqa.selenium.remote.RemoteWebDriver
Capabilities [{raisesAccessibilityExceptions=false, marionette=true, webdriver.remote.quietExceptions=true, appBuildId=20160916101415, platform=XP, specificationLevel=0, acceptSslCerts=false, processId=2968, platformVersion=10.0, browserVersion=49.0, takesScreenshot=true, XULappId={ec8030f7-c20a-464f-9b0e-13a3a9e97384}, browserName=firefox, javascriptEnabled=true, platformName=windows_nt, rotatable=false, hasMetadata=true, version=49.0, proxy={}, command_id=1, webdriver.remote.sessionid=61fa59dfeeb5491a89598261f1821893, takesElementScreenshot=true, device=desktop, cssSelectorsEnabled=true, firefox_profile=UEsDBBQAAAAIAMyU80qIUd2BCAcAA...}]
Session ID: 61fa59dfeeb5491a89598261f1821893
*** Element info: {Using=link text, value=Click here}" type="org.openqa.selenium.NoSuchElementException">org.openqa.selenium.NoSuchElementException: Unable to locate element: Click here (WARNING: The server did not provide any stacktrace information)
Command duration or timeout: 15 milliseconds
For documentation on this error, please visit: http://seleniumhq.org/exceptions/no_such_element.html
Build info: version: &apos;2.53.1&apos;, revision: &apos;a36b8b1&apos;, time: &apos;2016-06-30 17:37:03&apos;
System info: host: &apos;WIN-SB3ER6JQ6ME&apos;, ip: &apos;172.20.32.175&apos;, os.name: &apos;Windows 10&apos;, os.arch: &apos;x86&apos;, os.version: &apos;10.0&apos;, java.version: &apos;1.8.0_91&apos;
Driver info: org.openqa.selenium.firefox.MarionetteDriver
Capabilities [{rotatable=false, raisesAccessibilityExceptions=false, marionette=true, webdriver.remote.quietExceptions=true, appBuildId=20160916101415, version=49.0, platform=XP, proxy={}, command_id=1, specificationLevel=0, acceptSslCerts=false, processId=2968, browserVersion=49.0, platformVersion=10.0, XULappId={XXXXXXXX-XXXX-XXXX-XXXX-XXXXa9e97384}, browserName=firefox, takesScreenshot=true, takesElementScreenshot=true, platformName=windows_nt, device=desktop, firefox_profile=UEsDBBQAAAAIAMyU80qIUd2BCAcAA...}]
Session ID: XXXXXXXX-XXXX-XXXX-XXXX-XXXXb16c05c9
*** Element info: {Using=link text, value=Click here}
Command duration or timeout: 104 milliseconds
For documentation on this error, please visit: http://seleniumhq.org/exceptions/no_such_element.html
Build info: version: &apos;2.53.0&apos;, revision: &apos;35ae25b1534ae328c771e0856c93e187490ca824&apos;, time: &apos;2016-03-15 10:43:46&apos;
System info: host: &apos;QAMacbookPros-MacBook-Pro.local&apos;, ip: &apos;10.146.59.145&apos;, os.name: &apos;Mac OS X&apos;, os.arch: &apos;x86_64&apos;, os.version: &apos;10.11.6&apos;, java.version: &apos;1.8.0_51&apos;
Driver info: org.openqa.selenium.remote.RemoteWebDriver
Capabilities [{raisesAccessibilityExceptions=false, marionette=true, webdriver.remote.quietExceptions=true, appBuildId=20160916101415, platform=XP, specificationLevel=0, acceptSslCerts=false, processId=2968, platformVersion=10.0, browserVersion=49.0, takesScreenshot=true, XULappId={ec8030f7-c20a-464f-9b0e-13a3a9e97384}, browserName=firefox, javascriptEnabled=true, platformName=windows_nt, rotatable=false, hasMetadata=true, version=49.0, proxy={}, command_id=1, webdriver.remote.sessionid=61fa59dfeeb5491a89598261f1821893, takesElementScreenshot=true, device=desktop, cssSelectorsEnabled=true, firefox_profile=UEsDBBQAAAAIAMyU80qIUd2BCAcAA...}]
Session ID: 61fa59dfeeb5491a89598261f1821893
*** Element info: {Using=link text, value=Click here}
	at sun.reflect.NativeConstructorAccessorImpl.newInstance0(Native Method)
	at sun.reflect.NativeConstructorAccessorImpl.newInstance(NativeConstructorAccessorImpl.java:62)
	at sun.reflect.DelegatingConstructorAccessorImpl.newInstance(DelegatingConstructorAccessorImpl.java:45)
	at java.lang.reflect.Constructor.newInstance(Constructor.java:422)
	at org.openqa.selenium.remote.ErrorHandler.createThrowable(ErrorHandler.java:206)
	at org.openqa.selenium.remote.ErrorHandler.throwIfResponseFailed(ErrorHandler.java:158)
	at org.openqa.selenium.remote.RemoteWebDriver.execute(RemoteWebDriver.java:678)
	at org.openqa.selenium.remote.RemoteWebDriver.findElement(RemoteWebDriver.java:363)
	at org.openqa.selenium.remote.RemoteWebDriver.findElementByLinkText(RemoteWebDriver.java:428)
	at org.openqa.selenium.By$ByLinkText.findElement(By.java:246)
	at org.openqa.selenium.remote.RemoteWebDriver.findElement(RemoteWebDriver.java:355)
	at pages.FVsignuppage.getElement(FVsignuppage.java:76)
	at example.NewTest.RedeemTokenAndRegisterNewAccount(NewTest.java:71)
Caused by: org.openqa.selenium.NoSuchElementException: Unable to locate element: Click here (WARNING: The server did not provide any stacktrace information)
Command duration or timeout: 15 milliseconds
For documentation on this error, please visit: http://seleniumhq.org/exceptions/no_such_element.html
Build info: version: &apos;2.53.1&apos;, revision: &apos;a36b8b1&apos;, time: &apos;2016-06-30 17:37:03&apos;
System info: host: &apos;WIN-SB3ER6JQ6ME&apos;, ip: &apos;172.20.32.175&apos;, os.name: &apos;Windows 10&apos;, os.arch: &apos;x86&apos;, os.version: &apos;10.0&apos;, java.version: &apos;1.8.0_91&apos;
Driver info: org.openqa.selenium.firefox.MarionetteDriver
Capabilities [{rotatable=false, raisesAccessibilityExceptions=false, marionette=true, webdriver.remote.quietExceptions=true, appBuildId=20160916101415, version=49.0, platform=XP, proxy={}, command_id=1, specificationLevel=0, acceptSslCerts=false, processId=2968, browserVersion=49.0, platformVersion=10.0, XULappId={XXXXXXXX-XXXX-XXXX-XXXX-XXXXa9e97384}, browserName=firefox, takesScreenshot=true, takesElementScreenshot=true, platformName=windows_nt, device=desktop, firefox_profile=UEsDBBQAAAAIAMyU80qIUd2BCAcAA...}]
Session ID: XXXXXXXX-XXXX-XXXX-XXXX-XXXXb16c05c9
*** Element info: {Using=link text, value=Click here}
For documentation on this error, please visit: http://seleniumhq.org/exceptions/no_such_element.html
Build info: version: &apos;2.53.0&apos;, revision: &apos;35ae25b1534ae328c771e0856c93e187490ca824&apos;, time: &apos;2016-03-15 10:43:46&apos;
System info: host: &apos;QAMacbookPros-MacBook-Pro.local&apos;, ip: &apos;10.146.59.145&apos;, os.name: &apos;Mac OS X&apos;, os.arch: &apos;x86_64&apos;, os.version: &apos;10.11.6&apos;, java.version: &apos;1.8.0_51&apos;
Driver info: driver.version: EventFiringWebDriver
	at sun.reflect.NativeConstructorAccessorImpl.newInstance0(Native Method)
	at sun.reflect.NativeConstructorAccessorImpl.newInstance(Unknown Source)
	at sun.reflect.DelegatingConstructorAccessorImpl.newInstance(Unknown Source)
	at java.lang.reflect.Constructor.newInstance(Unknown Source)
	at org.openqa.selenium.remote.ErrorHandler.createThrowable(ErrorHandler.java:206)
	at org.openqa.selenium.remote.ErrorHandler.throwIfResponseFailed(ErrorHandler.java:158)
	at org.openqa.selenium.remote.RemoteWebDriver.execute(RemoteWebDriver.java:678)
	at org.openqa.selenium.remote.RemoteWebDriver.findElement(RemoteWebDriver.java:363)
	at org.openqa.selenium.remote.RemoteWebDriver.findElementByLinkText(RemoteWebDriver.java:428)
	at org.openqa.selenium.By$ByLinkText.findElement(By.java:246)
	at org.openqa.selenium.remote.RemoteWebDriver.findElement(RemoteWebDriver.java:355)
	at sun.reflect.NativeMethodAccessorImpl.invoke0(Native Method)
	at sun.reflect.NativeMethodAccessorImpl.invoke(Unknown Source)
	at sun.reflect.DelegatingMethodAccessorImpl.invoke(Unknown Source)
	at java.lang.reflect.Method.invoke(Unknown Source)
	at org.openqa.selenium.support.events.EventFiringWebDriver$2.invoke(EventFiringWebDriver.java:103)
	at com.sun.proxy.$Proxy1.findElement(Unknown Source)
	at org.openqa.selenium.support.events.EventFiringWebDriver.findElement(EventFiringWebDriver.java:188)
	at org.openqa.selenium.remote.server.handler.FindElement.call(FindElement.java:48)
	at org.openqa.selenium.remote.server.handler.FindElement.call(FindElement.java:1)
	at java.util.concurrent.FutureTask.run(Unknown Source)
	at org.openqa.selenium.remote.server.DefaultSession$1.run(DefaultSession.java:176)
	at java.util.concurrent.ThreadPoolExecutor.runWorker(Unknown Source)
	at java.util.concurrent.ThreadPoolExecutor$Worker.run(Unknown Source)
	at java.lang.Thread.run(Unknown Source)
</failure>
    <system-out>TestNG is starting.
SessionId: 61fa59dfeeb5491a89598261f1821893
The redeemed Title: Suicide Squad
SauceOnDemandSessionID=61fa59dfeeb5491a89598261f1821893 job-name=RedeemTokenAndRegisterNewAccount
Job link: https://saucelabs.com/jobs/61fa59dfeeb5491a89598261f1821893?auth=ab5b934b951818e002ae03e7220b0d44
</system-out>
  </testcase>
  <testcase classname="example.NewTest" name="RegisterNewAccount" time="14.36"/>
</testsuite>